<?xml version="1.0" encoding="UTF-8"?>
<!-- Generated by org.testng.reporters.JUnitXMLReporter -->
<testsuite hostname="DESKTOP-G3C7JTI" failures="0" tests="3" name="Default test" time="23.025" errors="0" timestamp="6 Dec 2017 13:32:15 GMT">
  <testcase classname="com.facebook.tests.Login_Test" name="loadPage" time="5.402"/>
  <testcase classname="com.facebook.tests.Login_Test" name="filloutEmailFld" time="0.62"/>
  <testcase classname="com.facebook.tests.Login_Test" name="filloutPassFld" time="0.224"/>
</testsuite> <!-- Default test -->
