<?xml version="1.0" encoding="UTF-8"?>
<testng-results total="1" passed="1" failed="0" skipped="0">
  <reporter-output>
  </reporter-output>
  <suite started-at="2017-12-02T03:51:29Z" name="Default suite" finished-at="2017-12-02T03:52:00Z" duration-ms="30876">
    <groups>
    </groups>
    <test started-at="2017-12-02T03:51:29Z" name="Default test" finished-at="2017-12-02T03:52:00Z" duration-ms="30876">
      <class name="SeleniumGrid.TestChromeOnGrid">
        <test-method signature="test1()[pri:0, instance:SeleniumGrid.TestChromeOnGrid@394df057]" started-at="2017-12-01T22:51:29Z" name="test1" finished-at="2017-12-01T22:52:00Z" duration-ms="30845" status="PASS">
          <reporter-output>
          </reporter-output>
        </test-method> <!-- test1 -->
      </class> <!-- SeleniumGrid.TestChromeOnGrid -->
    </test> <!-- Default test -->
  </suite> <!-- Default suite -->
</testng-results>
