<?xml version="1.0" encoding="UTF-8"?>
<testng-results total="3" passed="3" failed="0" skipped="0">
  <reporter-output>
  </reporter-output>
  <suite started-at="2017-12-06T13:31:52Z" name="Default suite" finished-at="2017-12-06T13:32:15Z" duration-ms="23025">
    <groups>
    </groups>
    <test started-at="2017-12-06T13:31:52Z" name="Default test" finished-at="2017-12-06T13:32:15Z" duration-ms="23025">
      <class name="com.facebook.tests.Login_Test">
        <test-method is-config="true" signature="setup()[pri:0, instance:com.facebook.tests.Login_Test@399c4be1]" started-at="2017-12-06T08:31:52Z" name="setup" finished-at="2017-12-06T08:32:07Z" duration-ms="14552" status="PASS">
          <reporter-output>
          </reporter-output>
        </test-method> <!-- setup -->
        <test-method signature="loadPage()[pri:0, instance:com.facebook.tests.Login_Test@399c4be1]" started-at="2017-12-06T08:32:07Z" name="loadPage" finished-at="2017-12-06T08:32:12Z" duration-ms="5402" status="PASS">
          <reporter-output>
          </reporter-output>
        </test-method> <!-- loadPage -->
        <test-method signature="filloutEmailFld()[pri:0, instance:com.facebook.tests.Login_Test@399c4be1]" started-at="2017-12-06T08:32:12Z" name="filloutEmailFld" finished-at="2017-12-06T08:32:13Z" depends-on-methods="com.facebook.tests.Login_Test.loadPage" duration-ms="620" status="PASS">
          <reporter-output>
          </reporter-output>
        </test-method> <!-- filloutEmailFld -->
        <test-method signature="filloutPassFld()[pri:0, instance:com.facebook.tests.Login_Test@399c4be1]" started-at="2017-12-06T08:32:13Z" name="filloutPassFld" finished-at="2017-12-06T08:32:13Z" depends-on-methods="com.facebook.tests.Login_Test.filloutEmailFld" duration-ms="224" status="PASS">
          <reporter-output>
          </reporter-output>
        </test-method> <!-- filloutPassFld -->
        <test-method is-config="true" signature="teardown()[pri:0, instance:com.facebook.tests.Login_Test@399c4be1]" started-at="2017-12-06T08:32:13Z" name="teardown" finished-at="2017-12-06T08:32:15Z" duration-ms="2197" status="PASS">
          <reporter-output>
          </reporter-output>
        </test-method> <!-- teardown -->
      </class> <!-- com.facebook.tests.Login_Test -->
    </test> <!-- Default test -->
  </suite> <!-- Default suite -->
</testng-results>
